<?xml version="1.0" encoding="UTF-8"?>
<!-- Generated by org.testng.reporters.JUnitReportReporter -->
<testsuite skipped="0" hostname="2015080004-3WVP" name="signupPC.signupPC.test" tests="1" failures="0" timestamp="07 3ì›” 2019 02:50:05 GMT" time="41.283" errors="0">
  <testcase name="signup" time="41.283" classname="signupPC.signupPC.test"/>
</testsuite> <!-- signupPC.signupPC.test -->
