<?xml version="1.0" encoding="UTF-8"?>
<!-- Generated by org.testng.reporters.JUnitReportReporter -->
<testsuite hostname="2015080004-3WVP" failures="0" tests="1" name="signupPC.signupPC.test" time="36.464" errors="0" timestamp="14 Sep 2018 09:28:46 GMT">
  <testcase classname="signupPC.signupPC.test" name="signup" time="36.464"/>
</testsuite> <!-- signupPC.signupPC.test -->
